<?xml version="1.0" encoding="UTF-8"?>
<testsuites name="jest tests" tests="1" failures="0" time="4.445">
  <testsuite name="__tests__\App-test.js" errors="0" failures="0" skipped="0" timestamp="2020-04-20T20:31:21" time="3.676" tests="1">
    <testcase classname=" renders correctly" name=" renders correctly" time="0.55">
    </testcase>
  </testsuite>
</testsuites>